Num_genes(total)	500
Num_chromosomes	1
Num_species	12
Input Tree	BD tree
Evol.Rate	1
Num_events	1292
Avg events per branch	56.17
Distances to root. Average: 250.1
(T8:243),(T9:200),(T6:242),(T7:242),(T4:241),(T5:246),(T2:378),(T3:214),(T1:368),(T10:199),(T11:211),(T12:217)

                                                                                                                /----------------------------------- T1      
/---------------------------------------------------------------------------------------------------------------M01                                          
|                                                                                                               \---------------------------------------- T2 
|                                                                                                                                                            
|                                                                            /-------- T3                                                                    
|                                                                           /M05                                                                             
|                                                                           |\------------------- T4                                                         
|                                                     /---------------------M04                                                                              
Root                                                  |                     |             /-------- T5                                                       
|                                                     |                     \-------------M06                                                                
|                      /------------------------------M03                                 \------ T6                                                         
|                      |                              |                                                                                                      
|                      |                              |                            /------------- T7                                                         
|                      |                              \----------------------------M07                                                                       
|                      |                                                           \-------------- T8                                                        
\----------------------M02                                                                                                                                   
                       |                                                       / T9                                                                          
                       |                         /-----------------------------M10                                                                           
                       |                    /----M09                           \ T10                                                                         
                       |                    |    |                                                                                                           
                       \--------------------M08  \----------------------------------- T11                                                                    
                                            |                                                                                                                
                                            \------------------------------------------ T12                                                                  
                                                                                                                                                             
                                                                                                                                                             
