Num_genes(total)	5000
Num_chromosomes	1
Num_species	12
Input Tree	BD tree
Evol.Rate	1
Num_events	20347
Avg events per branch	884.65
Distances to root. Average: 3749.7
(T8:3128),(T9:4415),(T6:3040),(T7:3281),(T4:4280),(T5:4811),(T2:4211),(T3:4154),(T1:4044),(T10:2420),(T11:3976),(T12:3236)

                                                                                                                         /------ T1                          
                                                                                                                    /----M04                                 
                                                                                                                    |    |      /---- T2                     
                                                                                                             /------M03  \------M05                          
                                                                                                             |      |           \--- T3                      
                       /-------------------------------------------------------------------------------------M02    |                                        
                       |                                                                                     |      \------------------- T4                  
                       |                                                                                     |                                               
                       |                                                                                     \------------------------------------------ T5  
/----------------------M01                                                                                                                                   
|                      |                                                    /------------------- T6                                                          
|                      |      /---------------------------------------------M07                                                                              
|                      |      |                                             |        /------------------ T7                                                  
|                      \------M06                                           \--------M08                                                                     
Root                          |                                                      \------------- T8                                                       
|                             |                                                                                                                              
|                             \------------------------------------------------------------------------------------------------------------- T9              
|                                                                                                                                                            
|                      /---------------------------------------------------- T10                                                                             
\----------------------M09                                                                                                                                   
                       |                                             /-------------------------------------------------------- T11                           
                       \---------------------------------------------M10                                                                                     
                                                                     \-------------------------------- T12                                                   
                                                                                                                                                             
                                                                                                                                                             
